<?xml version="1.0" encoding="UTF-8"?>
<!-- Generated by org.testng.reporters.JUnitReportReporter -->
<testsuite hostname="EPUAKHAW0472" name="com.epam.preproduction.tests.CheckPriceFilterTest" tests="1" failures="0" timestamp="15 Nov 2013 10:19:23 GMT" time="214,278" errors="0">
  <testcase name="testFilterPrice" time="214,278" classname="com.epam.preproduction.tests.CheckPriceFilterTest"/>
</testsuite>
