<?xml version="1.0" encoding="UTF-8"?>
<!-- Generated by org.testng.reporters.JUnitReportReporter -->
<testsuite hostname="EPUAKHAW0472" name="com.epam.preproduction.tests.CheckItemInformation" tests="1" failures="0" timestamp="15 Nov 2013 10:19:24 GMT" time="39,653" errors="0">
  <testcase name="testItemInformation" time="39,653" classname="com.epam.preproduction.tests.CheckItemInformation"/>
</testsuite>
