<?xml version="1.0" encoding="UTF-8"?>
<!-- Generated by org.testng.reporters.JUnitReportReporter -->
<testsuite hostname="EPUAKHAW0472" name="com.epam.preproduction.tests.CheckFilterParameters" tests="2" failures="0" timestamp="15 Nov 2013 10:19:24 GMT" time="73,201" errors="0">
  <testcase name="testFilterParameter" time="1,228" classname="com.epam.preproduction.tests.CheckFilterParameters"/>
  <testcase name="testFilterByProducer" time="71,973" classname="com.epam.preproduction.tests.CheckFilterParameters"/>
</testsuite>
